This is pdfTeX, Version 3.141592653-2.6-1.40.24 (MiKTeX 22.10) (preloaded format=pdflatex 2022.10.27)  28 OCT 2022 10:39
entering extended mode
 restricted \write18 enabled.
 file:line:error style messages enabled.
 %&-line parsing enabled.
**d:/Master/Abschlussarbeit/public/TU_Berlin_thesis_template_markdown/resources/ba_template.tex
(d:/Master/Abschlussarbeit/public/TU_Berlin_thesis_template_markdown/resources/ba_template.tex
LaTeX2e <2022-06-01> patch level 5
L3 programming layer <2022-09-28>

! LaTeX Error: File `$documentclass$.cls' not found.

Type X to quit or <RETURN> to proceed,
or enter new name. (Default extension: cls)

Enter file name: 
d:/Master/Abschlussarbeit/public/TU_Berlin_thesis_template_markdown/resources/ba_template.tex:3: Emergency stop.
<read *> 
         
l.3 \usepackage
               []{titlesec}^^M
*** (cannot \read from terminal in nonstop modes)

 
Here is how much of TeX's memory you used:
 26 strings out of 475385
 799 string characters out of 2786721
 340460 words of memory out of 3000000
 21504 multiletter control sequences out of 15000+600000
 469259 words of font info for 28 fonts, out of 8000000 for 9000
 1141 hyphenation exceptions out of 8191
 19i,0n,29p,299b,17s stack positions out of 10000i,1000n,20000p,200000b,80000s
d:/Master/Abschlussarbeit/public/TU_Berlin_thesis_template_markdown/resources/ba_template.tex:3:  ==> Fatal error occurred, no output PDF file produced!
